# JRE version: Java(TM) SE Runtime Environment (8.0_31-b13) (build 1.8.0_31-b13)
# Java VM: Java HotSpot(TM) 64-Bit Server VM (25.31-b07 mixed mode windows-amd64 compressed oops)
Heap:
 PSYoungGen      total 113152K, used 99479K [0x00000000e1a00000, 0x00000000eed00000, 0x0000000100000000)
  eden space 76288K, 91% used [0x00000000e1a00000,0x00000000e5dd8db8,0x00000000e6480000)
  from space 36864K, 81% used [0x00000000e6480000,0x00000000e81cce58,0x00000000e8880000)
  to   space 45056K, 0% used [0x00000000ec100000,0x00000000ec100000,0x00000000eed00000)
 ParOldGen       total 283648K, used 171044K [0x00000000a4e00000, 0x00000000b6300000, 0x00000000e1a00000)
  object space 283648K, 60% used [0x00000000a4e00000,0x00000000af509088,0x00000000b6300000)
 Metaspace       used 18648K, capacity 19606K, committed 19968K, reserved 1067008K
  class space    used 2770K, capacity 2977K, committed 3072K, reserved 1048576K
GC Heap History (10 events):
Event: 2.680 GC heap before
{Heap before GC invocations=6 (full 1):
 PSYoungGen      total 51712K, used 47715K [0x00000000e1a00000, 0x00000000e5000000, 0x0000000100000000)
  eden space 48128K, 99% used [0x00000000e1a00000,0x00000000e4898dd0,0x00000000e4900000)
  from space 3584K, 0% used [0x00000000e4c80000,0x00000000e4c80000,0x00000000e5000000)
  to   space 3584K, 0% used [0x00000000e4900000,0x00000000e4900000,0x00000000e4c80000)
 ParOldGen       total 93184K, used 39783K [0x00000000a4e00000, 0x00000000aa900000, 0x00000000e1a00000)
  object space 93184K, 42% used [0x00000000a4e00000,0x00000000a74d9fb0,0x00000000aa900000)
 Metaspace       used 13523K, capacity 13902K, committed 14080K, reserved 1060864K
  class space    used 1887K, capacity 1969K, committed 2048K, reserved 1048576K
Event: 2.706 GC heap after
Heap after GC invocations=6 (full 1):
 PSYoungGen      total 51712K, used 2234K [0x00000000e1a00000, 0x00000000ead80000, 0x0000000100000000)
  eden space 48128K, 0% used [0x00000000e1a00000,0x00000000e1a00000,0x00000000e4900000)
  from space 3584K, 62% used [0x00000000e4900000,0x00000000e4b2e8b8,0x00000000e4c80000)
  to   space 29696K, 0% used [0x00000000e9080000,0x00000000e9080000,0x00000000ead80000)
 ParOldGen       total 93184K, used 82909K [0x00000000a4e00000, 0x00000000aa900000, 0x00000000e1a00000)
  object space 93184K, 88% used [0x00000000a4e00000,0x00000000a9ef7520,0x00000000aa900000)
 Metaspace       used 13523K, capacity 13902K, committed 14080K, reserved 1060864K
  class space    used 1887K, capacity 1969K, committed 2048K, reserved 1048576K
}
Event: 2.706 GC heap before
{Heap before GC invocations=7 (full 2):
 PSYoungGen      total 51712K, used 2234K [0x00000000e1a00000, 0x00000000ead80000, 0x0000000100000000)
  eden space 48128K, 0% used [0x00000000e1a00000,0x00000000e1a00000,0x00000000e4900000)
  from space 3584K, 62% used [0x00000000e4900000,0x00000000e4b2e8b8,0x00000000e4c80000)
  to   space 29696K, 0% used [0x00000000e9080000,0x00000000e9080000,0x00000000ead80000)
 ParOldGen       total 93184K, used 82909K [0x00000000a4e00000, 0x00000000aa900000, 0x00000000e1a00000)
  object space 93184K, 88% used [0x00000000a4e00000,0x00000000a9ef7520,0x00000000aa900000)
 Metaspace       used 13523K, capacity 13902K, committed 14080K, reserved 1060864K
  class space    used 1887K, capacity 1969K, committed 2048K, reserved 1048576K
Event: 2.738 GC heap after
Heap after GC invocations=7 (full 2):
 PSYoungGen      total 51712K, used 0K [0x00000000e1a00000, 0x00000000ead80000, 0x0000000100000000)
  eden space 48128K, 0% used [0x00000000e1a00000,0x00000000e1a00000,0x00000000e4900000)
  from space 3584K, 0% used [0x00000000e4900000,0x00000000e4900000,0x00000000e4c80000)
  to   space 29696K, 0% used [0x00000000e9080000,0x00000000e9080000,0x00000000ead80000)
 ParOldGen       total 172032K, used 84865K [0x00000000a4e00000, 0x00000000af600000, 0x00000000e1a00000)
  object space 172032K, 49% used [0x00000000a4e00000,0x00000000aa0e0788,0x00000000af600000)
 Metaspace       used 13523K, capacity 13902K, committed 14080K, reserved 1060864K
  class space    used 1887K, capacity 1969K, committed 2048K, reserved 1048576K
}
Event: 2.752 GC heap before
{Heap before GC invocations=8 (full 2):
 PSYoungGen      total 51712K, used 46763K [0x00000000e1a00000, 0x00000000ead80000, 0x0000000100000000)
  eden space 48128K, 97% used [0x00000000e1a00000,0x00000000e47aad00,0x00000000e4900000)
  from space 3584K, 0% used [0x00000000e4900000,0x00000000e4900000,0x00000000e4c80000)
  to   space 29696K, 0% used [0x00000000e9080000,0x00000000e9080000,0x00000000ead80000)
 ParOldGen       total 172032K, used 84865K [0x00000000a4e00000, 0x00000000af600000, 0x00000000e1a00000)
  object space 172032K, 49% used [0x00000000a4e00000,0x00000000aa0e0788,0x00000000af600000)
 Metaspace       used 13523K, capacity 13902K, committed 14080K, reserved 1060864K
  class space    used 1887K, capacity 1969K, committed 2048K, reserved 1048576K
Event: 2.770 GC heap after
Heap after GC invocations=8 (full 2):
 PSYoungGen      total 103936K, used 28381K [0x00000000e1a00000, 0x00000000eac80000, 0x0000000100000000)
  eden space 75264K, 0% used [0x00000000e1a00000,0x00000000e1a00000,0x00000000e6380000)
  from space 28672K, 98% used [0x00000000e9080000,0x00000000eac374f0,0x00000000eac80000)
  to   space 36864K, 0% used [0x00000000e6480000,0x00000000e6480000,0x00000000e8880000)
 ParOldGen       total 172032K, used 101741K [0x00000000a4e00000, 0x00000000af600000, 0x00000000e1a00000)
  object space 172032K, 59% used [0x00000000a4e00000,0x00000000ab15b418,0x00000000af600000)
 Metaspace       used 13523K, capacity 13902K, committed 14080K, reserved 1060864K
  class space    used 1887K, capacity 1969K, committed 2048K, reserved 1048576K
}
Event: 2.794 GC heap before
{Heap before GC invocations=9 (full 2):
 PSYoungGen      total 103936K, used 102419K [0x00000000e1a00000, 0x00000000eac80000, 0x0000000100000000)
  eden space 75264K, 98% used [0x00000000e1a00000,0x00000000e624d8d8,0x00000000e6380000)
  from space 28672K, 98% used [0x00000000e9080000,0x00000000eac374f0,0x00000000eac80000)
  to   space 36864K, 0% used [0x00000000e6480000,0x00000000e6480000,0x00000000e8880000)
 ParOldGen       total 172032K, used 101741K [0x00000000a4e00000, 0x00000000af600000, 0x00000000e1a00000)
  object space 172032K, 59% used [0x00000000a4e00000,0x00000000ab15b418,0x00000000af600000)
 Metaspace       used 13523K, capacity 13902K, committed 14080K, reserved 1060864K
  class space    used 1887K, capacity 1969K, committed 2048K, reserved 1048576K
Event: 2.835 GC heap after
Heap after GC invocations=9 (full 2):
 PSYoungGen      total 113152K, used 35881K [0x00000000e1a00000, 0x00000000eed00000, 0x0000000100000000)
  eden space 76288K, 0% used [0x00000000e1a00000,0x00000000e1a00000,0x00000000e6480000)
  from space 36864K, 97% used [0x00000000e6480000,0x00000000e878a530,0x00000000e8880000)
  to   space 45056K, 0% used [0x00000000ec100000,0x00000000ec100000,0x00000000eed00000)
 ParOldGen       total 172032K, used 165491K [0x00000000a4e00000, 0x00000000af600000, 0x00000000e1a00000)
  object space 172032K, 96% used [0x00000000a4e00000,0x00000000aef9ce38,0x00000000af600000)
 Metaspace       used 13523K, capacity 13902K, committed 14080K, reserved 1060864K
  class space    used 1887K, capacity 1969K, committed 2048K, reserved 1048576K
}
Event: 2.835 GC heap before
{Heap before GC invocations=10 (full 3):
 PSYoungGen      total 113152K, used 35881K [0x00000000e1a00000, 0x00000000eed00000, 0x0000000100000000)
  eden space 76288K, 0% used [0x00000000e1a00000,0x00000000e1a00000,0x00000000e6480000)
  from space 36864K, 97% used [0x00000000e6480000,0x00000000e878a530,0x00000000e8880000)
  to   space 45056K, 0% used [0x00000000ec100000,0x00000000ec100000,0x00000000eed00000)
 ParOldGen       total 172032K, used 165491K [0x00000000a4e00000, 0x00000000af600000, 0x00000000e1a00000)
  object space 172032K, 96% used [0x00000000a4e00000,0x00000000aef9ce38,0x00000000af600000)
 Metaspace       used 13523K, capacity 13902K, committed 14080K, reserved 1060864K
  class space    used 1887K, capacity 1969K, committed 2048K, reserved 1048576K
Event: 2.867 GC heap after
Heap after GC invocations=10 (full 3):
 PSYoungGen      total 113152K, used 30003K [0x00000000e1a00000, 0x00000000eed00000, 0x0000000100000000)
  eden space 76288K, 0% used [0x00000000e1a00000,0x00000000e1a00000,0x00000000e6480000)
  from space 36864K, 81% used [0x00000000e6480000,0x00000000e81cce58,0x00000000e8880000)
  to   space 45056K, 0% used [0x00000000ec100000,0x00000000ec100000,0x00000000eed00000)
 ParOldGen       total 283648K, used 171044K [0x00000000a4e00000, 0x00000000b6300000, 0x00000000e1a00000)
  object space 283648K, 60% used [0x00000000a4e00000,0x00000000af509088,0x00000000b6300000)
 Metaspace       used 13523K, capacity 13902K, committed 14080K, reserved 1060864K
  class space    used 1887K, capacity 1969K, committed 2048K, reserved 1048576K
}

