# JRE version: Java(TM) SE Runtime Environment (8.0_31-b13) (build 1.8.0_31-b13)
# Java VM: Java HotSpot(TM) 64-Bit Server VM (25.31-b07 mixed mode windows-amd64 compressed oops)
Heap:
 PSYoungGen      total 16896K, used 16825K [0x00000000e1a00000, 0x00000000e4d00000, 0x0000000100000000)
  eden space 13312K, 99% used [0x00000000e1a00000,0x00000000e26ee578,0x00000000e2700000)
  from space 3584K, 99% used [0x00000000e3500000,0x00000000e387ff70,0x00000000e3880000)
  to   space 14336K, 0% used [0x00000000e2700000,0x00000000e2700000,0x00000000e3500000)
 ParOldGen       total 62976K, used 19875K [0x00000000a4e00000, 0x00000000a8b80000, 0x00000000e1a00000)
  object space 62976K, 31% used [0x00000000a4e00000,0x00000000a6168ed8,0x00000000a8b80000)
 Metaspace       used 24155K, capacity 25804K, committed 26112K, reserved 1071104K
  class space    used 3486K, capacity 3781K, committed 3840K, reserved 1048576K
GC Heap History (10 events):
Event: 7.274 GC heap before
{Heap before GC invocations=3 (full 1):
 PSYoungGen      total 27648K, used 3579K [0x00000000e1a00000, 0x00000000e3880000, 0x0000000100000000)
  eden space 24064K, 0% used [0x00000000e1a00000,0x00000000e1a00000,0x00000000e3180000)
  from space 3584K, 99% used [0x00000000e3500000,0x00000000e387ed38,0x00000000e3880000)
  to   space 3584K, 0% used [0x00000000e3180000,0x00000000e3180000,0x00000000e3500000)
 ParOldGen       total 62976K, used 7539K [0x00000000a4e00000, 0x00000000a8b80000, 0x00000000e1a00000)
  object space 62976K, 11% used [0x00000000a4e00000,0x00000000a555cf20,0x00000000a8b80000)
 Metaspace       used 18996K, capacity 20014K, committed 20224K, reserved 1067008K
  class space    used 2800K, capacity 3010K, committed 3072K, reserved 1048576K
Event: 7.342 GC heap after
Heap after GC invocations=3 (full 1):
 PSYoungGen      total 27648K, used 0K [0x00000000e1a00000, 0x00000000e3880000, 0x0000000100000000)
  eden space 24064K, 0% used [0x00000000e1a00000,0x00000000e1a00000,0x00000000e3180000)
  from space 3584K, 0% used [0x00000000e3500000,0x00000000e3500000,0x00000000e3880000)
  to   space 3584K, 0% used [0x00000000e3180000,0x00000000e3180000,0x00000000e3500000)
 ParOldGen       total 62976K, used 8788K [0x00000000a4e00000, 0x00000000a8b80000, 0x00000000e1a00000)
  object space 62976K, 13% used [0x00000000a4e00000,0x00000000a56950a0,0x00000000a8b80000)
 Metaspace       used 18994K, capacity 20012K, committed 20224K, reserved 1067008K
  class space    used 2800K, capacity 3009K, committed 3072K, reserved 1048576K
}
Event: 7.985 GC heap before
{Heap before GC invocations=4 (full 1):
 PSYoungGen      total 27648K, used 24064K [0x00000000e1a00000, 0x00000000e3880000, 0x0000000100000000)
  eden space 24064K, 100% used [0x00000000e1a00000,0x00000000e3180000,0x00000000e3180000)
  from space 3584K, 0% used [0x00000000e3500000,0x00000000e3500000,0x00000000e3880000)
  to   space 3584K, 0% used [0x00000000e3180000,0x00000000e3180000,0x00000000e3500000)
 ParOldGen       total 62976K, used 8788K [0x00000000a4e00000, 0x00000000a8b80000, 0x00000000e1a00000)
  object space 62976K, 13% used [0x00000000a4e00000,0x00000000a56950a0,0x00000000a8b80000)
 Metaspace       used 20451K, capacity 21660K, committed 22016K, reserved 1069056K
  class space    used 3014K, capacity 3223K, committed 3328K, reserved 1048576K
Event: 7.986 GC heap after
Heap after GC invocations=4 (full 1):
 PSYoungGen      total 27648K, used 1152K [0x00000000e1a00000, 0x00000000e3880000, 0x0000000100000000)
  eden space 24064K, 0% used [0x00000000e1a00000,0x00000000e1a00000,0x00000000e3180000)
  from space 3584K, 32% used [0x00000000e3180000,0x00000000e32a0000,0x00000000e3500000)
  to   space 3584K, 0% used [0x00000000e3500000,0x00000000e3500000,0x00000000e3880000)
 ParOldGen       total 62976K, used 8796K [0x00000000a4e00000, 0x00000000a8b80000, 0x00000000e1a00000)
  object space 62976K, 13% used [0x00000000a4e00000,0x00000000a56970a0,0x00000000a8b80000)
 Metaspace       used 20451K, capacity 21660K, committed 22016K, reserved 1069056K
  class space    used 3014K, capacity 3223K, committed 3328K, reserved 1048576K
}
Event: 8.211 GC heap before
{Heap before GC invocations=5 (full 1):
 PSYoungGen      total 27648K, used 25216K [0x00000000e1a00000, 0x00000000e3880000, 0x0000000100000000)
  eden space 24064K, 100% used [0x00000000e1a00000,0x00000000e3180000,0x00000000e3180000)
  from space 3584K, 32% used [0x00000000e3180000,0x00000000e32a0000,0x00000000e3500000)
  to   space 3584K, 0% used [0x00000000e3500000,0x00000000e3500000,0x00000000e3880000)
 ParOldGen       total 62976K, used 8796K [0x00000000a4e00000, 0x00000000a8b80000, 0x00000000e1a00000)
  object space 62976K, 13% used [0x00000000a4e00000,0x00000000a56970a0,0x00000000a8b80000)
 Metaspace       used 22062K, capacity 23298K, committed 23552K, reserved 1069056K
  class space    used 3287K, capacity 3522K, committed 3584K, reserved 1048576K
Event: 8.213 GC heap after
Heap after GC invocations=5 (full 1):
 PSYoungGen      total 27648K, used 2272K [0x00000000e1a00000, 0x00000000e3880000, 0x0000000100000000)
  eden space 24064K, 0% used [0x00000000e1a00000,0x00000000e1a00000,0x00000000e3180000)
  from space 3584K, 63% used [0x00000000e3500000,0x00000000e3738000,0x00000000e3880000)
  to   space 3584K, 0% used [0x00000000e3180000,0x00000000e3180000,0x00000000e3500000)
 ParOldGen       total 62976K, used 8804K [0x00000000a4e00000, 0x00000000a8b80000, 0x00000000e1a00000)
  object space 62976K, 13% used [0x00000000a4e00000,0x00000000a56990a0,0x00000000a8b80000)
 Metaspace       used 22062K, capacity 23298K, committed 23552K, reserved 1069056K
  class space    used 3287K, capacity 3522K, committed 3584K, reserved 1048576K
}
Event: 13.182 GC heap before
{Heap before GC invocations=6 (full 1):
 PSYoungGen      total 27648K, used 26336K [0x00000000e1a00000, 0x00000000e3880000, 0x0000000100000000)
  eden space 24064K, 100% used [0x00000000e1a00000,0x00000000e3180000,0x00000000e3180000)
  from space 3584K, 63% used [0x00000000e3500000,0x00000000e3738000,0x00000000e3880000)
  to   space 3584K, 0% used [0x00000000e3180000,0x00000000e3180000,0x00000000e3500000)
 ParOldGen       total 62976K, used 8804K [0x00000000a4e00000, 0x00000000a8b80000, 0x00000000e1a00000)
  object space 62976K, 13% used [0x00000000a4e00000,0x00000000a56990a0,0x00000000a8b80000)
 Metaspace       used 23418K, capacity 24896K, committed 24960K, reserved 1071104K
  class space    used 3451K, capacity 3705K, committed 3712K, reserved 1048576K
Event: 13.189 GC heap after
Heap after GC invocations=6 (full 1):
 PSYoungGen      total 27648K, used 3580K [0x00000000e1a00000, 0x00000000e3880000, 0x0000000100000000)
  eden space 24064K, 0% used [0x00000000e1a00000,0x00000000e1a00000,0x00000000e3180000)
  from space 3584K, 99% used [0x00000000e3180000,0x00000000e34ff228,0x00000000e3500000)
  to   space 3584K, 0% used [0x00000000e3500000,0x00000000e3500000,0x00000000e3880000)
 ParOldGen       total 62976K, used 15279K [0x00000000a4e00000, 0x00000000a8b80000, 0x00000000e1a00000)
  object space 62976K, 24% used [0x00000000a4e00000,0x00000000a5cebc20,0x00000000a8b80000)
 Metaspace       used 23418K, capacity 24896K, committed 24960K, reserved 1071104K
  class space    used 3451K, capacity 3705K, committed 3712K, reserved 1048576K
}
Event: 106.784 GC heap before
{Heap before GC invocations=7 (full 1):
 PSYoungGen      total 27648K, used 27644K [0x00000000e1a00000, 0x00000000e3880000, 0x0000000100000000)
  eden space 24064K, 100% used [0x00000000e1a00000,0x00000000e3180000,0x00000000e3180000)
  from space 3584K, 99% used [0x00000000e3180000,0x00000000e34ff228,0x00000000e3500000)
  to   space 3584K, 0% used [0x00000000e3500000,0x00000000e3500000,0x00000000e3880000)
 ParOldGen       total 62976K, used 15279K [0x00000000a4e00000, 0x00000000a8b80000, 0x00000000e1a00000)
  object space 62976K, 24% used [0x00000000a4e00000,0x00000000a5cebc20,0x00000000a8b80000)
 Metaspace       used 24020K, capacity 25584K, committed 25856K, reserved 1071104K
  class space    used 3473K, capacity 3777K, committed 3840K, reserved 1048576K
Event: 106.789 GC heap after
Heap after GC invocations=7 (full 1):
 PSYoungGen      total 16896K, used 3583K [0x00000000e1a00000, 0x00000000e4d00000, 0x0000000100000000)
  eden space 13312K, 0% used [0x00000000e1a00000,0x00000000e1a00000,0x00000000e2700000)
  from space 3584K, 99% used [0x00000000e3500000,0x00000000e387ff70,0x00000000e3880000)
  to   space 14336K, 0% used [0x00000000e2700000,0x00000000e2700000,0x00000000e3500000)
 ParOldGen       total 62976K, used 19875K [0x00000000a4e00000, 0x00000000a8b80000, 0x00000000e1a00000)
  object space 62976K, 31% used [0x00000000a4e00000,0x00000000a6168ed8,0x00000000a8b80000)
 Metaspace       used 24020K, capacity 25584K, committed 25856K, reserved 1071104K
  class space    used 3473K, capacity 3777K, committed 3840K, reserved 1048576K
}

