# JRE version: Java(TM) SE Runtime Environment (8.0_31-b13) (build 1.8.0_31-b13)
# Java VM: Java HotSpot(TM) 64-Bit Server VM (25.31-b07 mixed mode windows-amd64 compressed oops)
Heap:
 PSYoungGen      total 27648K, used 16295K [0x00000000e1a00000, 0x00000000e3880000, 0x0000000100000000)
  eden space 24064K, 52% used [0x00000000e1a00000,0x00000000e266fe98,0x00000000e3180000)
  from space 3584K, 99% used [0x00000000e3500000,0x00000000e3879e50,0x00000000e3880000)
  to   space 3584K, 0% used [0x00000000e3180000,0x00000000e3180000,0x00000000e3500000)
 ParOldGen       total 62976K, used 14619K [0x00000000a4e00000, 0x00000000a8b80000, 0x00000000e1a00000)
  object space 62976K, 23% used [0x00000000a4e00000,0x00000000a5c46f30,0x00000000a8b80000)
 Metaspace       used 23312K, capacity 24728K, committed 24832K, reserved 1071104K
  class space    used 3297K, capacity 3569K, committed 3584K, reserved 1048576K
GC Heap History (10 events):
Event: 1.964 GC heap before
{Heap before GC invocations=1 (full 0):
 PSYoungGen      total 27648K, used 24064K [0x00000000e1a00000, 0x00000000e3880000, 0x0000000100000000)
  eden space 24064K, 100% used [0x00000000e1a00000,0x00000000e3180000,0x00000000e3180000)
  from space 3584K, 0% used [0x00000000e3500000,0x00000000e3500000,0x00000000e3880000)
  to   space 3584K, 0% used [0x00000000e3180000,0x00000000e3180000,0x00000000e3500000)
 ParOldGen       total 62976K, used 0K [0x00000000a4e00000, 0x00000000a8b80000, 0x00000000e1a00000)
  object space 62976K, 0% used [0x00000000a4e00000,0x00000000a4e00000,0x00000000a8b80000)
 Metaspace       used 11822K, capacity 12334K, committed 12672K, reserved 1060864K
  class space    used 1664K, capacity 1800K, committed 1920K, reserved 1048576K
Event: 1.975 GC heap after
Heap after GC invocations=1 (full 0):
 PSYoungGen      total 27648K, used 3560K [0x00000000e1a00000, 0x00000000e3880000, 0x0000000100000000)
  eden space 24064K, 0% used [0x00000000e1a00000,0x00000000e1a00000,0x00000000e3180000)
  from space 3584K, 99% used [0x00000000e3180000,0x00000000e34fa040,0x00000000e3500000)
  to   space 3584K, 0% used [0x00000000e3500000,0x00000000e3500000,0x00000000e3880000)
 ParOldGen       total 62976K, used 426K [0x00000000a4e00000, 0x00000000a8b80000, 0x00000000e1a00000)
  object space 62976K, 0% used [0x00000000a4e00000,0x00000000a4e6aba0,0x00000000a8b80000)
 Metaspace       used 11822K, capacity 12334K, committed 12672K, reserved 1060864K
  class space    used 1664K, capacity 1800K, committed 1920K, reserved 1048576K
}
Event: 11.160 GC heap before
{Heap before GC invocations=2 (full 0):
 PSYoungGen      total 27648K, used 26529K [0x00000000e1a00000, 0x00000000e3880000, 0x0000000100000000)
  eden space 24064K, 95% used [0x00000000e1a00000,0x00000000e306e6b0,0x00000000e3180000)
  from space 3584K, 99% used [0x00000000e3180000,0x00000000e34fa040,0x00000000e3500000)
  to   space 3584K, 0% used [0x00000000e3500000,0x00000000e3500000,0x00000000e3880000)
 ParOldGen       total 62976K, used 426K [0x00000000a4e00000, 0x00000000a8b80000, 0x00000000e1a00000)
  object space 62976K, 0% used [0x00000000a4e00000,0x00000000a4e6aba0,0x00000000a8b80000)
 Metaspace       used 18862K, capacity 19838K, committed 19968K, reserved 1067008K
  class space    used 2789K, capacity 3010K, committed 3072K, reserved 1048576K
Event: 11.184 GC heap after
Heap after GC invocations=2 (full 0):
 PSYoungGen      total 27648K, used 3578K [0x00000000e1a00000, 0x00000000e3880000, 0x0000000100000000)
  eden space 24064K, 0% used [0x00000000e1a00000,0x00000000e1a00000,0x00000000e3180000)
  from space 3584K, 99% used [0x00000000e3500000,0x00000000e387e9f0,0x00000000e3880000)
  to   space 3584K, 0% used [0x00000000e3180000,0x00000000e3180000,0x00000000e3500000)
 ParOldGen       total 62976K, used 7694K [0x00000000a4e00000, 0x00000000a8b80000, 0x00000000e1a00000)
  object space 62976K, 12% used [0x00000000a4e00000,0x00000000a5583980,0x00000000a8b80000)
 Metaspace       used 18862K, capacity 19838K, committed 19968K, reserved 1067008K
  class space    used 2789K, capacity 3010K, committed 3072K, reserved 1048576K
}
Event: 11.184 GC heap before
{Heap before GC invocations=3 (full 1):
 PSYoungGen      total 27648K, used 3578K [0x00000000e1a00000, 0x00000000e3880000, 0x0000000100000000)
  eden space 24064K, 0% used [0x00000000e1a00000,0x00000000e1a00000,0x00000000e3180000)
  from space 3584K, 99% used [0x00000000e3500000,0x00000000e387e9f0,0x00000000e3880000)
  to   space 3584K, 0% used [0x00000000e3180000,0x00000000e3180000,0x00000000e3500000)
 ParOldGen       total 62976K, used 7694K [0x00000000a4e00000, 0x00000000a8b80000, 0x00000000e1a00000)
  object space 62976K, 12% used [0x00000000a4e00000,0x00000000a5583980,0x00000000a8b80000)
 Metaspace       used 18862K, capacity 19838K, committed 19968K, reserved 1067008K
  class space    used 2789K, capacity 3010K, committed 3072K, reserved 1048576K
Event: 11.392 GC heap after
Heap after GC invocations=3 (full 1):
 PSYoungGen      total 27648K, used 0K [0x00000000e1a00000, 0x00000000e3880000, 0x0000000100000000)
  eden space 24064K, 0% used [0x00000000e1a00000,0x00000000e1a00000,0x00000000e3180000)
  from space 3584K, 0% used [0x00000000e3500000,0x00000000e3500000,0x00000000e3880000)
  to   space 3584K, 0% used [0x00000000e3180000,0x00000000e3180000,0x00000000e3500000)
 ParOldGen       total 62976K, used 8907K [0x00000000a4e00000, 0x00000000a8b80000, 0x00000000e1a00000)
  object space 62976K, 14% used [0x00000000a4e00000,0x00000000a56b2e90,0x00000000a8b80000)
 Metaspace       used 18860K, capacity 19836K, committed 19968K, reserved 1067008K
  class space    used 2788K, capacity 3009K, committed 3072K, reserved 1048576K
}
Event: 12.500 GC heap before
{Heap before GC invocations=4 (full 1):
 PSYoungGen      total 27648K, used 24064K [0x00000000e1a00000, 0x00000000e3880000, 0x0000000100000000)
  eden space 24064K, 100% used [0x00000000e1a00000,0x00000000e3180000,0x00000000e3180000)
  from space 3584K, 0% used [0x00000000e3500000,0x00000000e3500000,0x00000000e3880000)
  to   space 3584K, 0% used [0x00000000e3180000,0x00000000e3180000,0x00000000e3500000)
 ParOldGen       total 62976K, used 8907K [0x00000000a4e00000, 0x00000000a8b80000, 0x00000000e1a00000)
  object space 62976K, 14% used [0x00000000a4e00000,0x00000000a56b2e90,0x00000000a8b80000)
 Metaspace       used 20738K, capacity 21916K, committed 22016K, reserved 1069056K
  class space    used 3059K, capacity 3309K, committed 3328K, reserved 1048576K
Event: 12.505 GC heap after
Heap after GC invocations=4 (full 1):
 PSYoungGen      total 27648K, used 1472K [0x00000000e1a00000, 0x00000000e3880000, 0x0000000100000000)
  eden space 24064K, 0% used [0x00000000e1a00000,0x00000000e1a00000,0x00000000e3180000)
  from space 3584K, 41% used [0x00000000e3180000,0x00000000e32f0000,0x00000000e3500000)
  to   space 3584K, 0% used [0x00000000e3500000,0x00000000e3500000,0x00000000e3880000)
 ParOldGen       total 62976K, used 8915K [0x00000000a4e00000, 0x00000000a8b80000, 0x00000000e1a00000)
  object space 62976K, 14% used [0x00000000a4e00000,0x00000000a56b4e90,0x00000000a8b80000)
 Metaspace       used 20738K, capacity 21916K, committed 22016K, reserved 1069056K
  class space    used 3059K, capacity 3309K, committed 3328K, reserved 1048576K
}
Event: 21.707 GC heap before
{Heap before GC invocations=5 (full 1):
 PSYoungGen      total 27648K, used 25536K [0x00000000e1a00000, 0x00000000e3880000, 0x0000000100000000)
  eden space 24064K, 100% used [0x00000000e1a00000,0x00000000e3180000,0x00000000e3180000)
  from space 3584K, 41% used [0x00000000e3180000,0x00000000e32f0000,0x00000000e3500000)
  to   space 3584K, 0% used [0x00000000e3500000,0x00000000e3500000,0x00000000e3880000)
 ParOldGen       total 62976K, used 8915K [0x00000000a4e00000, 0x00000000a8b80000, 0x00000000e1a00000)
  object space 62976K, 14% used [0x00000000a4e00000,0x00000000a56b4e90,0x00000000a8b80000)
 Metaspace       used 22059K, capacity 23408K, committed 23680K, reserved 1069056K
  class space    used 3164K, capacity 3407K, committed 3456K, reserved 1048576K
Event: 21.726 GC heap after
Heap after GC invocations=5 (full 1):
 PSYoungGen      total 27648K, used 3559K [0x00000000e1a00000, 0x00000000e3880000, 0x0000000100000000)
  eden space 24064K, 0% used [0x00000000e1a00000,0x00000000e1a00000,0x00000000e3180000)
  from space 3584K, 99% used [0x00000000e3500000,0x00000000e3879e50,0x00000000e3880000)
  to   space 3584K, 0% used [0x00000000e3180000,0x00000000e3180000,0x00000000e3500000)
 ParOldGen       total 62976K, used 14619K [0x00000000a4e00000, 0x00000000a8b80000, 0x00000000e1a00000)
  object space 62976K, 23% used [0x00000000a4e00000,0x00000000a5c46f30,0x00000000a8b80000)
 Metaspace       used 22059K, capacity 23408K, committed 23680K, reserved 1069056K
  class space    used 3164K, capacity 3407K, committed 3456K, reserved 1048576K
}

