# JRE version: Java(TM) SE Runtime Environment (8.0_31-b13) (build 1.8.0_31-b13)
# Java VM: Java HotSpot(TM) 64-Bit Server VM (25.31-b07 mixed mode windows-amd64 compressed oops)
Heap:
 PSYoungGen      total 28672K, used 10627K [0x00000000e1a00000, 0x00000000e4580000, 0x0000000100000000)
  eden space 13824K, 6% used [0x00000000e1a00000,0x00000000e1ae4320,0x00000000e2780000)
  from space 14848K, 65% used [0x00000000e2780000,0x00000000e30fcb78,0x00000000e3600000)
  to   space 15360K, 0% used [0x00000000e3680000,0x00000000e3680000,0x00000000e4580000)
 ParOldGen       total 62976K, used 12750K [0x00000000a4e00000, 0x00000000a8b80000, 0x00000000e1a00000)
  object space 62976K, 20% used [0x00000000a4e00000,0x00000000a5a73888,0x00000000a8b80000)
 Metaspace       used 25105K, capacity 26864K, committed 27008K, reserved 1073152K
  class space    used 3593K, capacity 3917K, committed 3968K, reserved 1048576K
GC Heap History (10 events):
Event: 30.390 GC heap before
{Heap before GC invocations=6 (full 1):
 PSYoungGen      total 27648K, used 25344K [0x00000000e1a00000, 0x00000000e3880000, 0x0000000100000000)
  eden space 24064K, 100% used [0x00000000e1a00000,0x00000000e3180000,0x00000000e3180000)
  from space 3584K, 35% used [0x00000000e3500000,0x00000000e3640000,0x00000000e3880000)
  to   space 3584K, 0% used [0x00000000e3180000,0x00000000e3180000,0x00000000e3500000)
 ParOldGen       total 62976K, used 10118K [0x00000000a4e00000, 0x00000000a8b80000, 0x00000000e1a00000)
  object space 62976K, 16% used [0x00000000a4e00000,0x00000000a57e1888,0x00000000a8b80000)
 Metaspace       used 22357K, capacity 23750K, committed 23808K, reserved 1069056K
  class space    used 3301K, capacity 3560K, committed 3584K, reserved 1048576K
Event: 30.397 GC heap after
Heap after GC invocations=6 (full 1):
 PSYoungGen      total 27648K, used 2144K [0x00000000e1a00000, 0x00000000e3880000, 0x0000000100000000)
  eden space 24064K, 0% used [0x00000000e1a00000,0x00000000e1a00000,0x00000000e3180000)
  from space 3584K, 59% used [0x00000000e3180000,0x00000000e3398000,0x00000000e3500000)
  to   space 3584K, 0% used [0x00000000e3500000,0x00000000e3500000,0x00000000e3880000)
 ParOldGen       total 62976K, used 10126K [0x00000000a4e00000, 0x00000000a8b80000, 0x00000000e1a00000)
  object space 62976K, 16% used [0x00000000a4e00000,0x00000000a57e3888,0x00000000a8b80000)
 Metaspace       used 22357K, capacity 23750K, committed 23808K, reserved 1069056K
  class space    used 3301K, capacity 3560K, committed 3584K, reserved 1048576K
}
Event: 31.352 GC heap before
{Heap before GC invocations=7 (full 1):
 PSYoungGen      total 27648K, used 26208K [0x00000000e1a00000, 0x00000000e3880000, 0x0000000100000000)
  eden space 24064K, 100% used [0x00000000e1a00000,0x00000000e3180000,0x00000000e3180000)
  from space 3584K, 59% used [0x00000000e3180000,0x00000000e3398000,0x00000000e3500000)
  to   space 3584K, 0% used [0x00000000e3500000,0x00000000e3500000,0x00000000e3880000)
 ParOldGen       total 62976K, used 10126K [0x00000000a4e00000, 0x00000000a8b80000, 0x00000000e1a00000)
  object space 62976K, 16% used [0x00000000a4e00000,0x00000000a57e3888,0x00000000a8b80000)
 Metaspace       used 22820K, capacity 24280K, committed 24448K, reserved 1071104K
  class space    used 3368K, capacity 3657K, committed 3712K, reserved 1048576K
Event: 31.362 GC heap after
Heap after GC invocations=7 (full 1):
 PSYoungGen      total 19456K, used 3559K [0x00000000e1a00000, 0x00000000e4800000, 0x0000000100000000)
  eden space 15872K, 0% used [0x00000000e1a00000,0x00000000e1a00000,0x00000000e2980000)
  from space 3584K, 99% used [0x00000000e3500000,0x00000000e3879ee0,0x00000000e3880000)
  to   space 11776K, 0% used [0x00000000e2980000,0x00000000e2980000,0x00000000e3500000)
 ParOldGen       total 62976K, used 11518K [0x00000000a4e00000, 0x00000000a8b80000, 0x00000000e1a00000)
  object space 62976K, 18% used [0x00000000a4e00000,0x00000000a593f888,0x00000000a8b80000)
 Metaspace       used 22820K, capacity 24280K, committed 24448K, reserved 1071104K
  class space    used 3368K, capacity 3657K, committed 3712K, reserved 1048576K
}
Event: 39.417 GC heap before
{Heap before GC invocations=8 (full 1):
 PSYoungGen      total 19456K, used 19431K [0x00000000e1a00000, 0x00000000e4800000, 0x0000000100000000)
  eden space 15872K, 100% used [0x00000000e1a00000,0x00000000e2980000,0x00000000e2980000)
  from space 3584K, 99% used [0x00000000e3500000,0x00000000e3879ee0,0x00000000e3880000)
  to   space 11776K, 0% used [0x00000000e2980000,0x00000000e2980000,0x00000000e3500000)
 ParOldGen       total 62976K, used 11518K [0x00000000a4e00000, 0x00000000a8b80000, 0x00000000e1a00000)
  object space 62976K, 18% used [0x00000000a4e00000,0x00000000a593f888,0x00000000a8b80000)
 Metaspace       used 24518K, capacity 26230K, committed 26496K, reserved 1071104K
  class space    used 3573K, capacity 3912K, committed 3968K, reserved 1048576K
Event: 39.430 GC heap after
Heap after GC invocations=8 (full 1):
 PSYoungGen      total 27648K, used 8690K [0x00000000e1a00000, 0x00000000e4280000, 0x0000000100000000)
  eden space 15872K, 0% used [0x00000000e1a00000,0x00000000e1a00000,0x00000000e2980000)
  from space 11776K, 73% used [0x00000000e2980000,0x00000000e31fcb78,0x00000000e3500000)
  to   space 12800K, 0% used [0x00000000e3600000,0x00000000e3600000,0x00000000e4280000)
 ParOldGen       total 62976K, used 11526K [0x00000000a4e00000, 0x00000000a8b80000, 0x00000000e1a00000)
  object space 62976K, 18% used [0x00000000a4e00000,0x00000000a5941888,0x00000000a8b80000)
 Metaspace       used 24518K, capacity 26230K, committed 26496K, reserved 1071104K
  class space    used 3573K, capacity 3912K, committed 3968K, reserved 1048576K
}
Event: 723.281 GC heap before
{Heap before GC invocations=9 (full 1):
 PSYoungGen      total 27648K, used 24562K [0x00000000e1a00000, 0x00000000e4280000, 0x0000000100000000)
  eden space 15872K, 100% used [0x00000000e1a00000,0x00000000e2980000,0x00000000e2980000)
  from space 11776K, 73% used [0x00000000e2980000,0x00000000e31fcb78,0x00000000e3500000)
  to   space 12800K, 0% used [0x00000000e3600000,0x00000000e3600000,0x00000000e4280000)
 ParOldGen       total 62976K, used 11526K [0x00000000a4e00000, 0x00000000a8b80000, 0x00000000e1a00000)
  object space 62976K, 18% used [0x00000000a4e00000,0x00000000a5941888,0x00000000a8b80000)
 Metaspace       used 24823K, capacity 26566K, committed 26752K, reserved 1073152K
  class space    used 3581K, capacity 3912K, committed 3968K, reserved 1048576K
Event: 723.306 GC heap after
Heap after GC invocations=9 (full 1):
 PSYoungGen      total 26624K, used 11663K [0x00000000e1a00000, 0x00000000e4680000, 0x0000000100000000)
  eden space 13824K, 0% used [0x00000000e1a00000,0x00000000e1a00000,0x00000000e2780000)
  from space 12800K, 91% used [0x00000000e3600000,0x00000000e4163e30,0x00000000e4280000)
  to   space 14848K, 0% used [0x00000000e2780000,0x00000000e2780000,0x00000000e3600000)
 ParOldGen       total 62976K, used 11534K [0x00000000a4e00000, 0x00000000a8b80000, 0x00000000e1a00000)
  object space 62976K, 18% used [0x00000000a4e00000,0x00000000a5943888,0x00000000a8b80000)
 Metaspace       used 24823K, capacity 26566K, committed 26752K, reserved 1073152K
  class space    used 3581K, capacity 3912K, committed 3968K, reserved 1048576K
}
Event: 2874.046 GC heap before
{Heap before GC invocations=10 (full 1):
 PSYoungGen      total 26624K, used 25487K [0x00000000e1a00000, 0x00000000e4680000, 0x0000000100000000)
  eden space 13824K, 100% used [0x00000000e1a00000,0x00000000e2780000,0x00000000e2780000)
  from space 12800K, 91% used [0x00000000e3600000,0x00000000e4163e30,0x00000000e4280000)
  to   space 14848K, 0% used [0x00000000e2780000,0x00000000e2780000,0x00000000e3600000)
 ParOldGen       total 62976K, used 11534K [0x00000000a4e00000, 0x00000000a8b80000, 0x00000000e1a00000)
  object space 62976K, 18% used [0x00000000a4e00000,0x00000000a5943888,0x00000000a8b80000)
 Metaspace       used 25063K, capacity 26846K, committed 27008K, reserved 1073152K
  class space    used 3588K, capacity 3914K, committed 3968K, reserved 1048576K
Event: 2874.064 GC heap after
Heap after GC invocations=10 (full 1):
 PSYoungGen      total 28672K, used 9714K [0x00000000e1a00000, 0x00000000e4580000, 0x0000000100000000)
  eden space 13824K, 0% used [0x00000000e1a00000,0x00000000e1a00000,0x00000000e2780000)
  from space 14848K, 65% used [0x00000000e2780000,0x00000000e30fcb78,0x00000000e3600000)
  to   space 15360K, 0% used [0x00000000e3680000,0x00000000e3680000,0x00000000e4580000)
 ParOldGen       total 62976K, used 12750K [0x00000000a4e00000, 0x00000000a8b80000, 0x00000000e1a00000)
  object space 62976K, 20% used [0x00000000a4e00000,0x00000000a5a73888,0x00000000a8b80000)
 Metaspace       used 25063K, capacity 26846K, committed 27008K, reserved 1073152K
  class space    used 3588K, capacity 3914K, committed 3968K, reserved 1048576K
}

